This is LuaTeX, Version 1.10.0 (TeX Live 2019/W32TeX)  (format=lualatex 2019.10.20)  23 OCT 2019 21:55
 restricted system commands enabled.
**report-ieee.tex
(./report-ieee.tex
LaTeX2e <2018-12-01>
Lua module: luaotfload-main 2019-02-14 2.96 luaotfload entry point
Lua module: luaotfload-init 2019-02-14 2.96 luaotfload submodule / initializatio
n
Lua module: lualibs 2019-02-14 2.64 ConTeXt Lua standard libraries.
Lua module: lualibs-extended 2019-02-14 2.64 ConTeXt Lua libraries -- extended c
ollection.
Lua module: luaotfload-log 2019-02-14 2.96 luaotfload submodule / logging
Lua module: luaotfload-parsers 2019-02-14 2.96 luaotfload submodule / filelist
Lua module: luaotfload-configuration 2019-02-14 2.96 luaotfload submodule / conf
ig file reader
luaotfload | conf : Root cache directory is C:/texlive/2019/texmf-var/luatex-cac
he/generic/names.
luaotfload | init : Loading fontloader “fontloader-2019-02-14.lua” from kpse
-resolved path “c:/texlive/2019/texmf-dist/tex/luatex/luaotfload/fontloader-20
19-02-14.lua”.
Lua-only attribute luaotfload@state = 1
Lua-only attribute luaotfload@noligature = 2
Lua-only attribute luaotfload@syllabe = 3
luaotfload | init : Context OpenType loader version “3.107”
Inserting `luaotfload.node_processor' at position 1 in `pre_linebreak_filter'.
Inserting `luaotfload.node_processor' at position 1 in `hpack_filter'.
Lua module: luaotfload-loaders 2019-02-14 2.96 luaotfload submodule / callback h
andling
Inserting `luaotfload.define_font' at position 1 in `define_font'.
Lua module: luaotfload-database 2019-02-14 2.96 luaotfload submodule / database
Lua module: luaotfload-colors 2019-02-14 2.96 luaotfload submodule / color
Lua-only attribute luaotfload_color_attribute = 4
Lua module: luaotfload-resolvers 2019-02-14 2.96 luaotfload submodule / resolver
s
luaotfload | conf : Root cache directory is C:/texlive/2019/texmf-var/luatex-cac
he/generic/names.
Lua module: luaotfload-features 2019-02-14 2.96 luaotfload submodule / features
Lua module: luaotfload-letterspace 2019-02-14 2.96 luaotfload submodule / color
Lua module: luaotfload-auxiliary 2019-02-14 2.96 luaotfload submodule / auxiliar
y functions
Inserting `luaotfload.aux.set_sscale_dimens' at position 1 in `luaotfload.patch_
font'.
Inserting `luaotfload.aux.patch_cambria_domh' at position 2 in `luaotfload.patch
_font'.
Inserting `luaotfload.aux.fixup_fontdata' at position 1 in `luaotfload.patch_fon
t_unsafe'.
Inserting `luaotfload.aux.set_capheight' at position 3 in `luaotfload.patch_font
'.
Inserting `luaotfload.rewrite_fontname' at position 4 in `luaotfload.patch_font'
.
luaotfload | main : initialization completed in 0.194 seconds
(c:/texlive/2019/texmf-dist/tex/latex/IEEEtran/IEEEtran.cls
Document Class: IEEEtran 2015/08/26 V1.8b by Michael Shell
-- See the "IEEEtran_HOWTO" manual for usage information.
-- http://www.michaelshell.org/tex/ieeetran/
\@IEEEtrantmpdimenA=\dimen102
\@IEEEtrantmpdimenB=\dimen103
\@IEEEtrantmpdimenC=\dimen104
\@IEEEtrantmpcountA=\count80
\@IEEEtrantmpcountB=\count81
\@IEEEtrantmpcountC=\count82
\@IEEEtrantmptoksA=\toks14
LaTeX Font Info:    Try loading font information for TU+ptm on input line 503.
LaTeX Font Info:    No file TUptm.fd. on input line 503.

LaTeX Font Warning: Font shape `TU/ptm/m/n' undefined
(Font)              using `TU/lmr/m/n' instead on input line 503.

luaotfload | db : Font names database loaded from C:/texlive/2019/texmf-var/luat
ex-cache/generic/names/luaotfload-names.luc
-- Using 8.5in x 11in (letter) paper.
-- Using DVI output.
\@IEEEnormalsizeunitybaselineskip=\dimen105
-- This is a 10 point document.
\CLASSINFOnormalsizebaselineskip=\dimen106
\CLASSINFOnormalsizeunitybaselineskip=\dimen107
\IEEEnormaljot=\dimen108

LaTeX Font Warning: Font shape `TU/ptm/bx/n' undefined
(Font)              using `TU/ptm/m/n' instead on input line 1090.


LaTeX Font Warning: Font shape `TU/ptm/m/it' undefined
(Font)              using `TU/ptm/m/n' instead on input line 1090.


LaTeX Font Warning: Font shape `TU/ptm/bx/it' undefined
(Font)              using `TU/ptm/bx/n' instead on input line 1090.

\IEEEquantizedlength=\dimen109
\IEEEquantizedlengthdiff=\dimen110
\IEEEquantizedtextheightdiff=\dimen111
\IEEEilabelindentA=\dimen112
\IEEEilabelindentB=\dimen113
\IEEEilabelindent=\dimen114
\IEEEelabelindent=\dimen115
\IEEEdlabelindent=\dimen116
\IEEElabelindent=\dimen117
\IEEEiednormlabelsep=\dimen118
\IEEEiedmathlabelsep=\dimen119
\IEEEiedtopsep=\skip41
\c@section=\count83
\c@subsection=\count84
\c@subsubsection=\count85
\c@paragraph=\count86
\c@IEEEsubequation=\count87
\abovecaptionskip=\skip42
\belowcaptionskip=\skip43
\c@figure=\count88
\c@table=\count89
\@IEEEeqnnumcols=\count90
\@IEEEeqncolcnt=\count91
\@IEEEsubeqnnumrollback=\count92
\@IEEEquantizeheightA=\dimen120
\@IEEEquantizeheightB=\dimen121
\@IEEEquantizeheightC=\dimen122
\@IEEEquantizeprevdepth=\dimen123
\@IEEEquantizemultiple=\count93
\@IEEEquantizeboxA=\box27
\@IEEEtmpitemindent=\dimen124
\IEEEPARstartletwidth=\dimen125
\c@IEEEbiography=\count94
\@IEEEtranrubishbin=\box28
)
\DraftStatus=\count95
 (c:/texlive/2019/texmf-dist/tex/latex/comment/comment.sty
\CommentStream=\write3

Excluding comment 'comment') Excluding comment 'JournalOnly'
Include comment 'ConferenceOnly' Excluding comment 'TulipStyle' (./preamble.tex
(c:/texlive/2019/texmf-dist/tex/latex/todonotes/todonotes.sty
Package: todonotes 2019/01/24 v1.1.2 Todonotes source and documentation.
Package: todonotes 2018/11/22

(c:/texlive/2019/texmf-dist/tex/latex/base/ifthen.sty
Package: ifthen 2014/09/29 v1.1c Standard LaTeX ifthen package (DPC)
)
(c:/texlive/2019/texmf-dist/tex/latex/xkeyval/xkeyval.sty
Package: xkeyval 2014/12/03 v2.7a package option processing (HA)

(c:/texlive/2019/texmf-dist/tex/generic/xkeyval/xkeyval.tex
(c:/texlive/2019/texmf-dist/tex/generic/xkeyval/xkvutils.tex
\XKV@toks=\toks15
\XKV@tempa@toks=\toks16

(c:/texlive/2019/texmf-dist/tex/generic/xkeyval/keyval.tex))
\XKV@depth=\count96
File: xkeyval.tex 2014/12/03 v2.7a key=value parser (HA)
))
(c:/texlive/2019/texmf-dist/tex/latex/xcolor/xcolor.sty
Package: xcolor 2016/05/11 v2.12 LaTeX color extensions (UK)

(c:/texlive/2019/texmf-dist/tex/latex/graphics-cfg/color.cfg
File: color.cfg 2016/01/02 v1.6 sample color configuration
)
Package xcolor Info: Driver file: luatex.def on input line 225.

(c:/texlive/2019/texmf-dist/tex/latex/graphics-def/luatex.def
File: luatex.def 2018/01/08 v1.0l Graphics/color driver for luatex
)
Package xcolor Info: Model `cmy' substituted by `cmy0' on input line 1348.
Package xcolor Info: Model `hsb' substituted by `rgb' on input line 1352.
Package xcolor Info: Model `RGB' extended on input line 1364.
Package xcolor Info: Model `HTML' substituted by `rgb' on input line 1366.
Package xcolor Info: Model `Hsb' substituted by `hsb' on input line 1367.
Package xcolor Info: Model `tHsb' substituted by `hsb' on input line 1368.
Package xcolor Info: Model `HSB' substituted by `hsb' on input line 1369.
Package xcolor Info: Model `Gray' substituted by `gray' on input line 1370.
Package xcolor Info: Model `wave' substituted by `hsb' on input line 1371.
)
(c:/texlive/2019/texmf-dist/tex/latex/pgf/frontendlayer/tikz.sty
(c:/texlive/2019/texmf-dist/tex/latex/pgf/basiclayer/pgf.sty
(c:/texlive/2019/texmf-dist/tex/latex/pgf/utilities/pgfrcs.sty
(c:/texlive/2019/texmf-dist/tex/generic/pgf/utilities/pgfutil-common.tex
\pgfutil@everybye=\toks17
\pgfutil@tempdima=\dimen126
\pgfutil@tempdimb=\dimen127

(c:/texlive/2019/texmf-dist/tex/generic/pgf/utilities/pgfutil-common-lists.tex))
 (c:/texlive/2019/texmf-dist/tex/generic/pgf/utilities/pgfutil-latex.def
\pgfutil@abb=\box29

(c:/texlive/2019/texmf-dist/tex/latex/ms/everyshi.sty
Package: everyshi 2001/05/15 v3.00 EveryShipout Package (MS)
))
(c:/texlive/2019/texmf-dist/tex/generic/pgf/utilities/pgfrcs.code.tex
(c:/texlive/2019/texmf-dist/tex/generic/pgf/pgf.revision.tex)
Package: pgfrcs 2019/02/02 v3.1.1 (3.1.1)
))
Package: pgf 2019/02/02 v3.1.1 (3.1.1)

(c:/texlive/2019/texmf-dist/tex/latex/pgf/basiclayer/pgfcore.sty
(c:/texlive/2019/texmf-dist/tex/latex/graphics/graphicx.sty
Package: graphicx 2017/06/01 v1.1a Enhanced LaTeX Graphics (DPC,SPQR)

(c:/texlive/2019/texmf-dist/tex/latex/graphics/graphics.sty
Package: graphics 2017/06/25 v1.2c Standard LaTeX Graphics (DPC,SPQR)

(c:/texlive/2019/texmf-dist/tex/latex/graphics/trig.sty
Package: trig 2016/01/03 v1.10 sin cos tan (DPC)
)
(c:/texlive/2019/texmf-dist/tex/latex/graphics-cfg/graphics.cfg
File: graphics.cfg 2016/06/04 v1.11 sample graphics configuration
)
Package graphics Info: Driver file: luatex.def on input line 99.
)
\Gin@req@height=\dimen128
\Gin@req@width=\dimen129
)
(c:/texlive/2019/texmf-dist/tex/latex/pgf/systemlayer/pgfsys.sty
(c:/texlive/2019/texmf-dist/tex/generic/pgf/systemlayer/pgfsys.code.tex
Package: pgfsys 2019/02/02 v3.1.1 (3.1.1)

(c:/texlive/2019/texmf-dist/tex/generic/pgf/utilities/pgfkeys.code.tex
\pgfkeys@pathtoks=\toks18
\pgfkeys@temptoks=\toks19

(c:/texlive/2019/texmf-dist/tex/generic/pgf/utilities/pgfkeysfiltered.code.tex
\pgfkeys@tmptoks=\toks20
))
\pgf@x=\dimen130
\pgf@y=\dimen131
\pgf@xa=\dimen132
\pgf@ya=\dimen133
\pgf@xb=\dimen134
\pgf@yb=\dimen135
\pgf@xc=\dimen136
\pgf@yc=\dimen137
\w@pgf@writea=\write4
\r@pgf@reada=\read1
\c@pgf@counta=\count97
\c@pgf@countb=\count98
\c@pgf@countc=\count99
\c@pgf@countd=\count100
\t@pgf@toka=\toks21
\t@pgf@tokb=\toks22
\t@pgf@tokc=\toks23
\pgf@sys@id@count=\count101
 (c:/texlive/2019/texmf-dist/tex/generic/pgf/systemlayer/pgf.cfg
File: pgf.cfg 2019/02/02 v3.1.1 (3.1.1)
)
Driver file for pgf: pgfsys-luatex.def

(c:/texlive/2019/texmf-dist/tex/generic/pgf/systemlayer/pgfsys-luatex.def
File: pgfsys-luatex.def 2019/02/02 v3.1.1 (3.1.1)

(c:/texlive/2019/texmf-dist/tex/generic/pgf/systemlayer/pgfsys-common-pdf.def
File: pgfsys-common-pdf.def 2019/02/02 v3.1.1 (3.1.1)
)))
(c:/texlive/2019/texmf-dist/tex/generic/pgf/systemlayer/pgfsyssoftpath.code.tex
File: pgfsyssoftpath.code.tex 2019/02/02 v3.1.1 (3.1.1)
\pgfsyssoftpath@smallbuffer@items=\count102
\pgfsyssoftpath@bigbuffer@items=\count103
)
(c:/texlive/2019/texmf-dist/tex/generic/pgf/systemlayer/pgfsysprotocol.code.tex
File: pgfsysprotocol.code.tex 2019/02/02 v3.1.1 (3.1.1)
)) (c:/texlive/2019/texmf-dist/tex/generic/pgf/basiclayer/pgfcore.code.tex
Package: pgfcore 2019/02/02 v3.1.1 (3.1.1)

(c:/texlive/2019/texmf-dist/tex/generic/pgf/math/pgfmath.code.tex
(c:/texlive/2019/texmf-dist/tex/generic/pgf/math/pgfmathcalc.code.tex
(c:/texlive/2019/texmf-dist/tex/generic/pgf/math/pgfmathutil.code.tex)
(c:/texlive/2019/texmf-dist/tex/generic/pgf/math/pgfmathparser.code.tex
\pgfmath@dimen=\dimen138
\pgfmath@count=\count104
\pgfmath@box=\box30
\pgfmath@toks=\toks24
\pgfmath@stack@operand=\toks25
\pgfmath@stack@operation=\toks26
)
(c:/texlive/2019/texmf-dist/tex/generic/pgf/math/pgfmathfunctions.code.tex
(c:/texlive/2019/texmf-dist/tex/generic/pgf/math/pgfmathfunctions.basic.code.te
x)
(c:/texlive/2019/texmf-dist/tex/generic/pgf/math/pgfmathfunctions.trigonometric
.code.tex)
(c:/texlive/2019/texmf-dist/tex/generic/pgf/math/pgfmathfunctions.random.code.t
ex)
(c:/texlive/2019/texmf-dist/tex/generic/pgf/math/pgfmathfunctions.comparison.co
de.tex)
(c:/texlive/2019/texmf-dist/tex/generic/pgf/math/pgfmathfunctions.base.code.tex
)
(c:/texlive/2019/texmf-dist/tex/generic/pgf/math/pgfmathfunctions.round.code.te
x)
(c:/texlive/2019/texmf-dist/tex/generic/pgf/math/pgfmathfunctions.misc.code.tex
)
(c:/texlive/2019/texmf-dist/tex/generic/pgf/math/pgfmathfunctions.integerarithm
etics.code.tex)))
(c:/texlive/2019/texmf-dist/tex/generic/pgf/math/pgfmathfloat.code.tex
\c@pgfmathroundto@lastzeros=\count105
))
(c:/texlive/2019/texmf-dist/tex/generic/pgf/basiclayer/pgfcorepoints.code.tex
File: pgfcorepoints.code.tex 2019/02/02 v3.1.1 (3.1.1)
\pgf@picminx=\dimen139
\pgf@picmaxx=\dimen140
\pgf@picminy=\dimen141
\pgf@picmaxy=\dimen142
\pgf@pathminx=\dimen143
\pgf@pathmaxx=\dimen144
\pgf@pathminy=\dimen145
\pgf@pathmaxy=\dimen146
\pgf@xx=\dimen147
\pgf@xy=\dimen148
\pgf@yx=\dimen149
\pgf@yy=\dimen150
\pgf@zx=\dimen151
\pgf@zy=\dimen152
)
(c:/texlive/2019/texmf-dist/tex/generic/pgf/basiclayer/pgfcorepathconstruct.cod
e.tex
File: pgfcorepathconstruct.code.tex 2019/02/02 v3.1.1 (3.1.1)
\pgf@path@lastx=\dimen153
\pgf@path@lasty=\dimen154
)
(c:/texlive/2019/texmf-dist/tex/generic/pgf/basiclayer/pgfcorepathusage.code.te
x
File: pgfcorepathusage.code.tex 2019/02/02 v3.1.1 (3.1.1)
\pgf@shorten@end@additional=\dimen155
\pgf@shorten@start@additional=\dimen156
)
(c:/texlive/2019/texmf-dist/tex/generic/pgf/basiclayer/pgfcorescopes.code.tex
File: pgfcorescopes.code.tex 2019/02/02 v3.1.1 (3.1.1)
\pgfpic=\box31
\pgf@hbox=\box32
\pgf@layerbox@main=\box33
\pgf@picture@serial@count=\count106
)
(c:/texlive/2019/texmf-dist/tex/generic/pgf/basiclayer/pgfcoregraphicstate.code
.tex
File: pgfcoregraphicstate.code.tex 2019/02/02 v3.1.1 (3.1.1)
\pgflinewidth=\dimen157
)
(c:/texlive/2019/texmf-dist/tex/generic/pgf/basiclayer/pgfcoretransformations.c
ode.tex
File: pgfcoretransformations.code.tex 2019/02/02 v3.1.1 (3.1.1)
\pgf@pt@x=\dimen158
\pgf@pt@y=\dimen159
\pgf@pt@temp=\dimen160
)
(c:/texlive/2019/texmf-dist/tex/generic/pgf/basiclayer/pgfcorequick.code.tex
File: pgfcorequick.code.tex 2019/02/02 v3.1.1 (3.1.1)
)
(c:/texlive/2019/texmf-dist/tex/generic/pgf/basiclayer/pgfcoreobjects.code.tex
File: pgfcoreobjects.code.tex 2019/02/02 v3.1.1 (3.1.1)
)
(c:/texlive/2019/texmf-dist/tex/generic/pgf/basiclayer/pgfcorepathprocessing.co
de.tex
File: pgfcorepathprocessing.code.tex 2019/02/02 v3.1.1 (3.1.1)
)
(c:/texlive/2019/texmf-dist/tex/generic/pgf/basiclayer/pgfcorearrows.code.tex
File: pgfcorearrows.code.tex 2019/02/02 v3.1.1 (3.1.1)
\pgfarrowsep=\dimen161
)
(c:/texlive/2019/texmf-dist/tex/generic/pgf/basiclayer/pgfcoreshade.code.tex
File: pgfcoreshade.code.tex 2019/02/02 v3.1.1 (3.1.1)
\pgf@max=\dimen162
\pgf@sys@shading@range@num=\count107
)
(c:/texlive/2019/texmf-dist/tex/generic/pgf/basiclayer/pgfcoreimage.code.tex
File: pgfcoreimage.code.tex 2019/02/02 v3.1.1 (3.1.1)

(c:/texlive/2019/texmf-dist/tex/generic/pgf/basiclayer/pgfcoreexternal.code.tex
File: pgfcoreexternal.code.tex 2019/02/02 v3.1.1 (3.1.1)
\pgfexternal@startupbox=\box34
))
(c:/texlive/2019/texmf-dist/tex/generic/pgf/basiclayer/pgfcorelayers.code.tex
File: pgfcorelayers.code.tex 2019/02/02 v3.1.1 (3.1.1)
)
(c:/texlive/2019/texmf-dist/tex/generic/pgf/basiclayer/pgfcoretransparency.code
.tex
File: pgfcoretransparency.code.tex 2019/02/02 v3.1.1 (3.1.1)
)
(c:/texlive/2019/texmf-dist/tex/generic/pgf/basiclayer/pgfcorepatterns.code.tex
File: pgfcorepatterns.code.tex 2019/02/02 v3.1.1 (3.1.1)
) (c:/texlive/2019/texmf-dist/tex/generic/pgf/basiclayer/pgfcorerdf.code.tex
File: pgfcorerdf.code.tex 2019/02/02 v3.1.1 (3.1.1)
))) (c:/texlive/2019/texmf-dist/tex/generic/pgf/modules/pgfmoduleshapes.code.te
x
File: pgfmoduleshapes.code.tex 2019/02/02 v3.1.1 (3.1.1)
\pgfnodeparttextbox=\box35
)
(c:/texlive/2019/texmf-dist/tex/generic/pgf/modules/pgfmoduleplot.code.tex
File: pgfmoduleplot.code.tex 2019/02/02 v3.1.1 (3.1.1)
)
(c:/texlive/2019/texmf-dist/tex/latex/pgf/compatibility/pgfcomp-version-0-65.st
y
Package: pgfcomp-version-0-65 2019/02/02 v3.1.1 (3.1.1)
\pgf@nodesepstart=\dimen163
\pgf@nodesepend=\dimen164
)
(c:/texlive/2019/texmf-dist/tex/latex/pgf/compatibility/pgfcomp-version-1-18.st
y
Package: pgfcomp-version-1-18 2019/02/02 v3.1.1 (3.1.1)
)) (c:/texlive/2019/texmf-dist/tex/latex/pgf/utilities/pgffor.sty
(c:/texlive/2019/texmf-dist/tex/latex/pgf/utilities/pgfkeys.sty
(c:/texlive/2019/texmf-dist/tex/generic/pgf/utilities/pgfkeys.code.tex))
(c:/texlive/2019/texmf-dist/tex/latex/pgf/math/pgfmath.sty
(c:/texlive/2019/texmf-dist/tex/generic/pgf/math/pgfmath.code.tex))
(c:/texlive/2019/texmf-dist/tex/generic/pgf/utilities/pgffor.code.tex
Package: pgffor 2019/02/02 v3.1.1 (3.1.1)

(c:/texlive/2019/texmf-dist/tex/generic/pgf/math/pgfmath.code.tex)
\pgffor@iter=\dimen165
\pgffor@skip=\dimen166
\pgffor@stack=\toks27
\pgffor@toks=\toks28
))
(c:/texlive/2019/texmf-dist/tex/generic/pgf/frontendlayer/tikz/tikz.code.tex
Package: tikz 2019/02/02 v3.1.1 (3.1.1)

(c:/texlive/2019/texmf-dist/tex/generic/pgf/libraries/pgflibraryplothandlers.co
de.tex
File: pgflibraryplothandlers.code.tex 2019/02/02 v3.1.1 (3.1.1)
\pgf@plot@mark@count=\count108
\pgfplotmarksize=\dimen167
)
\tikz@lastx=\dimen168
\tikz@lasty=\dimen169
\tikz@lastxsaved=\dimen170
\tikz@lastysaved=\dimen171
\tikzleveldistance=\dimen172
\tikzsiblingdistance=\dimen173
\tikz@figbox=\box36
\tikz@figbox@bg=\box37
\tikz@tempbox=\box38
\tikz@tempbox@bg=\box39
\tikztreelevel=\count109
\tikznumberofchildren=\count110
\tikznumberofcurrentchild=\count111
\tikz@fig@count=\count112

(c:/texlive/2019/texmf-dist/tex/generic/pgf/modules/pgfmodulematrix.code.tex
File: pgfmodulematrix.code.tex 2019/02/02 v3.1.1 (3.1.1)
\pgfmatrixcurrentrow=\count113
\pgfmatrixcurrentcolumn=\count114
\pgf@matrix@numberofcolumns=\count115
)
\tikz@expandcount=\count116

(c:/texlive/2019/texmf-dist/tex/generic/pgf/frontendlayer/tikz/libraries/tikzli
brarytopaths.code.tex
File: tikzlibrarytopaths.code.tex 2019/02/02 v3.1.1 (3.1.1)
)))
(c:/texlive/2019/texmf-dist/tex/generic/pgf/frontendlayer/tikz/libraries/tikzli
brarypositioning.code.tex
File: tikzlibrarypositioning.code.tex 2019/02/02 v3.1.1 (3.1.1)
)
(c:/texlive/2019/texmf-dist/tex/generic/pgf/frontendlayer/tikz/libraries/tikzli
braryshadows.code.tex
File: tikzlibraryshadows.code.tex 2019/02/02 v3.1.1 (3.1.1)

(c:/texlive/2019/texmf-dist/tex/generic/pgf/frontendlayer/tikz/libraries/tikzli
braryfadings.code.tex
File: tikzlibraryfadings.code.tex 2019/02/02 v3.1.1 (3.1.1)

(c:/texlive/2019/texmf-dist/tex/generic/pgf/libraries/pgflibraryfadings.code.te
x
File: pgflibraryfadings.code.tex 2019/02/02 v3.1.1 (3.1.1)
))) (c:/texlive/2019/texmf-dist/tex/latex/tools/calc.sty
Package: calc 2017/05/25 v4.3 Infix arithmetic (KKT,FJ)
\calc@Acount=\count117
\calc@Bcount=\count118
\calc@Adimen=\dimen174
\calc@Bdimen=\dimen175
\calc@Askip=\skip44
\calc@Bskip=\skip45
LaTeX Info: Redefining \setlength on input line 80.
LaTeX Info: Redefining \addtolength on input line 81.
\calc@Ccount=\count119
\calc@Cskip=\skip46
)
\c@@todonotes@numberoftodonotes=\count120
)
(c:/texlive/2019/texmf-dist/tex/latex/amsmath/amsmath.sty
Package: amsmath 2018/12/01 v2.17b AMS math features
\@mathmargin=\skip47

For additional information on amsmath, use the `?' option.
(c:/texlive/2019/texmf-dist/tex/latex/amsmath/amstext.sty
Package: amstext 2000/06/29 v2.01 AMS text

(c:/texlive/2019/texmf-dist/tex/latex/amsmath/amsgen.sty
File: amsgen.sty 1999/11/30 v2.0 generic functions
\@emptytoks=\toks29
\ex@=\dimen176
))
(c:/texlive/2019/texmf-dist/tex/latex/amsmath/amsbsy.sty
Package: amsbsy 1999/11/29 v1.2d Bold Symbols
\pmbraise@=\dimen177
)
(c:/texlive/2019/texmf-dist/tex/latex/amsmath/amsopn.sty
Package: amsopn 2016/03/08 v2.02 operator names
)
\inf@bad=\count121
LaTeX Info: Redefining \frac on input line 223.
\uproot@=\count122
\leftroot@=\count123
LaTeX Info: Redefining \overline on input line 385.
\classnum@=\count124
\DOTSCASE@=\count125
LaTeX Info: Redefining \ldots on input line 482.
LaTeX Info: Redefining \dots on input line 485.
LaTeX Info: Redefining \cdots on input line 606.
\Mathstrutbox@=\box40
\strutbox@=\box41
\big@size=\dimen178
LaTeX Font Info:    Redeclaring font encoding OML on input line 729.
LaTeX Font Info:    Redeclaring font encoding OMS on input line 730.
\macc@depth=\count126
\c@MaxMatrixCols=\count127
\dotsspace@=\muskip10
\c@parentequation=\count128
\dspbrk@lvl=\count129
\tag@help=\toks30
\row@=\count130
\column@=\count131
\maxfields@=\count132
\andhelp@=\toks31
\eqnshift@=\dimen179
\alignsep@=\dimen180
\tagshift@=\dimen181
\tagwidth@=\dimen182
\totwidth@=\dimen183
\lineht@=\dimen184
\@envbody=\toks32
\multlinegap=\skip48
\multlinetaggap=\skip49
\mathdisplay@stack=\toks33
LaTeX Info: Redefining \[ on input line 2844.
LaTeX Info: Redefining \] on input line 2845.
)
(c:/texlive/2019/texmf-dist/tex/latex/amsfonts/amsfonts.sty
Package: amsfonts 2013/01/14 v3.01 Basic AMSFonts support
\symAMSa=\mathgroup4
\symAMSb=\mathgroup5
LaTeX Font Info:    Overwriting math alphabet `\mathfrak' in version `bold'
(Font)                  U/euf/m/n --> U/euf/b/n on input line 106.
)
(c:/texlive/2019/texmf-dist/tex/latex/subfiles/subfiles.sty
Package: subfiles 2018/07/31 Federico Garcia, Gernot Salzer

(c:/texlive/2019/texmf-dist/tex/latex/tools/verbatim.sty
Package: verbatim 2014/10/28 v1.5q LaTeX2e package for verbatim enhancements
\every@verbatim=\toks34
\verbatim@line=\toks35
\verbatim@in@stream=\read2
))
(c:/texlive/2019/texmf-dist/tex/latex/tools/indentfirst.sty
Package: indentfirst 1995/11/23 v1.03 Indent first paragraph (DPC)
)
(c:/texlive/2019/texmf-dist/tex/latex/algorithms/algorithm.sty
Package: algorithm 2009/08/24 v0.1 Document Style `algorithm' - floating environ
ment

(c:/texlive/2019/texmf-dist/tex/latex/float/float.sty
Package: float 2001/11/08 v1.3d Float enhancements (AL)
\c@float@type=\count133
\float@exts=\toks36
\float@box=\box42
\@float@everytoks=\toks37
\@floatcapt=\box43
)
\@float@every@algorithm=\toks38
\c@algorithm=\count134
)
(c:/texlive/2019/texmf-dist/tex/latex/algorithms/algorithmic.sty
Package: algorithmic 2009/08/24 v0.1 Document Style `algorithmic'
\c@ALC@unique=\count135
\c@ALC@line=\count136
\c@ALC@rem=\count137
\c@ALC@depth=\count138
\ALC@tlm=\skip50
\algorithmicindent=\skip51
)
(c:/texlive/2019/texmf-dist/tex/latex/breqn/breqn.sty
(c:/texlive/2019/texmf-dist/tex/latex/l3kernel/expl3.sty
Package: expl3 2019-04-06 L3 programming layer (loader) 

(c:/texlive/2019/texmf-dist/tex/latex/l3kernel/expl3-code.tex
Package: expl3 2019-04-06 L3 programming layer (code)
\ucharcat@table=\catcodetable5
\c_max_int=\count139
\l_tmpa_int=\count140
\l_tmpb_int=\count141
\g_tmpa_int=\count142
\g_tmpb_int=\count143
\g__kernel_prg_map_int=\count144
\c__ior_term_ior=\count145
\c_log_iow=\count146
\l_iow_line_count_int=\count147
\l__iow_line_target_int=\count148
\l__iow_one_indent_int=\count149
\l__iow_indent_int=\count150
\c_zero_dim=\dimen185
\c_max_dim=\dimen186
\l_tmpa_dim=\dimen187
\l_tmpb_dim=\dimen188
\g_tmpa_dim=\dimen189
\g_tmpb_dim=\dimen190
\c_zero_skip=\skip52
\c_max_skip=\skip53
\l_tmpa_skip=\skip54
\l_tmpb_skip=\skip55
\g_tmpa_skip=\skip56
\g_tmpb_skip=\skip57
\c_zero_muskip=\muskip11
\c_max_muskip=\muskip12
\l_tmpa_muskip=\muskip13
\l_tmpb_muskip=\muskip14
\g_tmpa_muskip=\muskip15
\g_tmpb_muskip=\muskip16
\l_keys_choice_int=\count151
\l__intarray_loop_int=\count152
\c__intarray_sp_dim=\dimen191
\g__intarray_font_int=\count153
\c__fp_leading_shift_int=\count154
\c__fp_middle_shift_int=\count155
\c__fp_trailing_shift_int=\count156
\c__fp_big_leading_shift_int=\count157
\c__fp_big_middle_shift_int=\count158
\c__fp_big_trailing_shift_int=\count159
\c__fp_Bigg_leading_shift_int=\count160
\c__fp_Bigg_middle_shift_int=\count161
\c__fp_Bigg_trailing_shift_int=\count162
\g__fp_array_int=\count163
\l__fp_array_loop_int=\count164
\l__sort_length_int=\count165
\l__sort_min_int=\count166
\l__sort_top_int=\count167
\l__sort_max_int=\count168
\l__sort_true_max_int=\count169
\l__sort_block_int=\count170
\l__sort_begin_int=\count171
\l__sort_end_int=\count172
\l__sort_A_int=\count173
\l__sort_B_int=\count174
\l__sort_C_int=\count175
\l__tl_analysis_normal_int=\count176
\l__tl_analysis_index_int=\count177
\l__tl_analysis_nesting_int=\count178
\l__tl_analysis_type_int=\count179
\l__regex_internal_a_int=\count180
\l__regex_internal_b_int=\count181
\l__regex_internal_c_int=\count182
\l__regex_balance_int=\count183
\l__regex_group_level_int=\count184
\l__regex_mode_int=\count185
\c__regex_cs_in_class_mode_int=\count186
\c__regex_cs_mode_int=\count187
\l__regex_catcodes_int=\count188
\l__regex_default_catcodes_int=\count189
\c__regex_catcode_L_int=\count190
\c__regex_catcode_O_int=\count191
\c__regex_catcode_A_int=\count192
\c__regex_all_catcodes_int=\count193
\l__regex_show_lines_int=\count194
\l__regex_min_state_int=\count195
\l__regex_max_state_int=\count196
\l__regex_left_state_int=\count197
\l__regex_right_state_int=\count198
\l__regex_capturing_group_int=\count199
\l__regex_min_pos_int=\count266
\l__regex_max_pos_int=\count267
\l__regex_curr_pos_int=\count268
\l__regex_start_pos_int=\count269
\l__regex_success_pos_int=\count270
\l__regex_curr_char_int=\count271
\l__regex_curr_catcode_int=\count272
\l__regex_last_char_int=\count273
\l__regex_case_changed_char_int=\count274
\l__regex_curr_state_int=\count275
\l__regex_step_int=\count276
\l__regex_min_active_int=\count277
\l__regex_max_active_int=\count278
\l__regex_replacement_csnames_int=\count279
\l__regex_match_count_int=\count280
\l__regex_min_submatch_int=\count281
\l__regex_submatch_int=\count282
\l__regex_zeroth_submatch_int=\count283
\g__regex_trace_regex_int=\count284
\c_empty_box=\box44
\l_tmpa_box=\box45
\l_tmpb_box=\box46
\g_tmpa_box=\box47
\g_tmpb_box=\box48
\l__box_top_dim=\dimen192
\l__box_bottom_dim=\dimen193
\l__box_left_dim=\dimen194
\l__box_right_dim=\dimen195
\l__box_top_new_dim=\dimen196
\l__box_bottom_new_dim=\dimen197
\l__box_left_new_dim=\dimen198
\l__box_right_new_dim=\dimen199
\l__box_internal_box=\box49
\l__coffin_internal_box=\box50
\l__coffin_internal_dim=\dimen256
\l__coffin_offset_x_dim=\dimen257
\l__coffin_offset_y_dim=\dimen258
\l__coffin_x_dim=\dimen259
\l__coffin_y_dim=\dimen260
\l__coffin_x_prime_dim=\dimen261
\l__coffin_y_prime_dim=\dimen262
\c_empty_coffin=\box51
\l__coffin_aligned_coffin=\box52
\l__coffin_aligned_internal_coffin=\box53
\l_tmpa_coffin=\box54
\l_tmpb_coffin=\box55
\g_tmpa_coffin=\box56
\g_tmpb_coffin=\box57
\l__coffin_bounding_shift_dim=\dimen263
\l__coffin_left_corner_dim=\dimen264
\l__coffin_right_corner_dim=\dimen265
\l__coffin_bottom_corner_dim=\dimen266
\l__coffin_top_corner_dim=\dimen267
\l__coffin_scaled_total_height_dim=\dimen268
\l__coffin_scaled_width_dim=\dimen269
\c__coffin_empty_coffin=\box58
\l__coffin_display_coffin=\box59
\l__coffin_display_coord_coffin=\box60
\l__coffin_display_pole_coffin=\box61
\l__coffin_display_offset_dim=\dimen270
\l__coffin_display_x_dim=\dimen271
\l__coffin_display_y_dim=\dimen272
\g__file_internal_ior=\read3
\l__seq_internal_a_int=\count285
\l__seq_internal_b_int=\count286
\c__deprecation_minus_one=\count287
)
(c:/texlive/2019/texmf-dist/tex/latex/l3kernel/l3pdfmode.def
File: l3pdfmode.def 2019-04-06 v L3 Experimental driver: PDF mode
\l__driver_color_stack_int=\count288
))
Package: breqn 2018/09/14 v0.98f Breaking equations

(c:/texlive/2019/texmf-dist/tex/latex/breqn/flexisym.sty
Package: flexisym 2017/01/27 v0.98e Make math characters macros
LaTeX Info: Redefining \textprime on input line 300.
LaTeX Info: Redefining \not on input line 358.

(c:/texlive/2019/texmf-dist/tex/latex/breqn/cmbase.sym
File: cmbase.sym 2007/12/19 v0.92
LaTeX Info: Redefining \hbar on input line 325.
LaTeX Info: Redefining \surd on input line 327.
LaTeX Info: Redefining \angle on input line 335.
LaTeX Info: Redefining \neq on input line 336.
LaTeX Info: Redefining \mapsto on input line 337.
LaTeX Info: Redefining \cong on input line 338.
LaTeX Info: Redefining \notin on input line 341.
LaTeX Info: Redefining \rightleftharpoons on input line 342.
LaTeX Info: Redefining \doteq on input line 343.
LaTeX Info: Redefining \hookrightarrow on input line 344.
LaTeX Info: Redefining \hookleftarrow on input line 345.
LaTeX Info: Redefining \bowtie on input line 346.
LaTeX Info: Redefining \models on input line 347.
LaTeX Info: Redefining \Longrightarrow on input line 348.
LaTeX Info: Redefining \longrightarrow on input line 349.
LaTeX Info: Redefining \Longleftarrow on input line 350.
LaTeX Info: Redefining \longleftarrow on input line 351.
LaTeX Info: Redefining \longmapsto on input line 352.
LaTeX Info: Redefining \longleftrightarrow on input line 353.
LaTeX Info: Redefining \Longleftrightarrow on input line 354.
LaTeX Info: Redefining \cdots on input line 358.
LaTeX Info: Redefining \vdots on input line 361.
LaTeX Info: Redefining \ddots on input line 366.
)
(c:/texlive/2019/texmf-dist/tex/latex/breqn/mathstyle.sty
Package: mathstyle 2017/01/27 0.98e Tracking mathstyle implicitly
LaTeX Info: Redefining \genfrac on input line 145.
))
\inf@bad=\count289
\maxint=\count290
\listwidth=\dimen273
\eqnumsep=\dimen274
\eqmargin=\dimen275
\eqlinespacing=\skip58
\eqlineskip=\skip59
\eqlineskiplimit=\dimen276
\eqbinoffset=\muskip17
\eqdelimoffset=\muskip18
\eqindentstep=\dimen277
\eqstyle=\toks39
\eqbreakdepth=\count291
\eqinterlinepenalty=\count292
\intereqpenalty=\count293
\intereqskip=\skip60
\prerelpenalty=\count294
\prebinoppenalty=\count295
\Dmedmuskip=\muskip19
\Dthickmuskip=\muskip20
\eqleftskip=\skip61
\eqrightskip=\skip62
\eq@vspan=\skip63
\eq@binoffset=\muskip21
\EQ@box=\box62
\EQ@copy=\box63
\EQ@numbox=\box64
\eq@wdNum=\dimen278
\GRP@numbox=\box65
\grp@wdNum=\dimen279
\eq@lines=\count296
\eq@curline=\count297
\eq@badness=\count298
\EQ@vims=\count299
\eq@dp=\dimen280
\eq@wdL=\dimen281
\eq@wdT=\dimen282
\eq@wdMin=\dimen283
\grp@wdL=\dimen284
\grp@wdR=\dimen285
\grp@wdT=\dimen286
\eq@wdRmax=\dimen287
\eq@firstht=\dimen288
\eq@wdCond=\dimen289
\eq@indentstep=\dimen290
\eq@linewidth=\dimen291
\grp@linewidth=\dimen292
\eq@hshift=\dimen293
\eq@given@sidespace=\dimen294
\mathindent=\dimen295
\eq@final@linecount=\count300
\eq@wdR=\dimen296
\EQ@continue=\toks40
\lr@level=\count301
\GRP@queue=\toks41
\GRP@box=\box66
\GRP@wholebox=\box67
\darraycolsep=\skip64
\cur@row=\count302
\cur@col=\count303
\conditionsep=\skip65
)
(c:/texlive/2019/texmf-dist/tex/latex/caption/subcaption.sty
Package: subcaption 2018/05/01 v1.1-162 Sub-captions (AR)

(c:/texlive/2019/texmf-dist/tex/latex/caption/caption.sty
Package: caption 2018/10/06 v3.3-154 Customizing captions (AR)

(c:/texlive/2019/texmf-dist/tex/latex/caption/caption3.sty
Package: caption3 2018/09/12 v1.8c caption3 kernel (AR)
Package caption3 Info: TeX engine: e-TeX on input line 64.
\captionmargin=\dimen297
\captionmargin@=\dimen298
\captionwidth=\dimen299
\caption@tempdima=\dimen300
\caption@indent=\dimen301
\caption@parindent=\dimen302
\caption@hangindent=\dimen303
Package caption Info: Unknown document class (or package),
(caption)             standard defaults will be used.
)

Package caption Warning: Unsupported document class (or package) detected,
(caption)                usage of the caption package is not recommended.
See the caption package documentation for explanation.

Package caption Info: \@makecaption = \long macro:#1#2->\ifx \@captype \@IEEEtab
lestring \footnotesize \bgroup \par \centering \@IEEEtabletopskipstrut {\normalf
ont \footnotesize #1}\\{\normalfont \footnotesize \scshape #2}\par \addvspace {0
.5\baselineskip }\egroup \@IEEEtablecaptionsepspace \else \@IEEEfigurecaptionsep
space \setbox \@tempboxa \hbox {\normalfont \footnotesize {#1.}\nobreakspace \no
breakspace #2}\ifdim \wd \@tempboxa >\hsize \setbox \@tempboxa \hbox {\normalfon
t \footnotesize {#1.}\nobreakspace \nobreakspace }\parbox [t]{\hsize }{\normalfo
nt \footnotesize \noindent \unhbox \@tempboxa #2}\else \ifCLASSOPTIONconference 
\hbox to\hsize {\normalfont \footnotesize \hfil \box \@tempboxa \hfil }\else \hb
ox to\hsize {\normalfont \footnotesize \box \@tempboxa \hfil }\fi \fi \fi .
\c@caption@flags=\count304
\c@ContinuedFloat=\count305
Package caption Info: float package is loaded.
)
\c@subfigure=\count306
\c@subtable=\count307
) (c:/texlive/2019/texmf-dist/tex/latex/multirow/multirow.sty
Package: multirow 2019/01/01 v2.4 Span multiple rows of a table
\multirow@colwidth=\skip66
\multirow@cntb=\count308
\multirow@dima=\skip67
\bigstrutjot=\dimen304
)
(c:/texlive/2019/texmf-dist/tex/latex/psfrag/psfrag.sty
Package: psfrag 1998/04/11 v3.04 PSfrag (MCG)
\pfg@pcount=\count309
\pfg@scount=\count310
\pfg@temp=\write5
)
(c:/texlive/2019/texmf-dist/tex/latex/url/url.sty
\Urlmuskip=\muskip22
Package: url 2013/09/16  ver 3.4  Verb mode for urls, etc.
)
(c:/texlive/2019/texmf-dist/tex/latex/hyperref/hyperref.sty
Package: hyperref 2018/11/30 v6.88e Hypertext links for LaTeX

(c:/texlive/2019/texmf-dist/tex/generic/oberdiek/hobsub-hyperref.sty
Package: hobsub-hyperref 2016/05/16 v1.14 Bundle oberdiek, subset hyperref (HO)

(c:/texlive/2019/texmf-dist/tex/generic/oberdiek/hobsub-generic.sty
Package: hobsub-generic 2016/05/16 v1.14 Bundle oberdiek, subset generic (HO)
Package: hobsub 2016/05/16 v1.14 Construct package bundles (HO)
Package: infwarerr 2016/05/16 v1.4 Providing info/warning/error messages (HO)
Package: ltxcmds 2016/05/16 v1.23 LaTeX kernel commands for general use (HO)
Package: ifluatex 2016/05/16 v1.4 Provides the ifluatex switch (HO)
Package ifluatex Info: LuaTeX detected.
Package: ifvtex 2016/05/16 v1.6 Detect VTeX and its facilities (HO)
Package ifvtex Info: VTeX not detected.
Package: intcalc 2016/05/16 v1.2 Expandable calculations with integers (HO)
Package: ifpdf 2018/09/07 v3.3 Provides the ifpdf switch
Package: etexcmds 2016/05/16 v1.6 Avoid name clashes with e-TeX commands (HO)
Package: kvsetkeys 2016/05/16 v1.17 Key value parser (HO)
Package: kvdefinekeys 2016/05/16 v1.4 Define keys (HO)
Package: luatex-loader 2016/05/16 v0.6 Lua module loader (HO)

(c:/texlive/2019/texmf-dist/scripts/oberdiek/oberdiek.luatex.lua)
Package: pdftexcmds 2018/09/10 v0.29 Utility functions of pdfTeX for LuaTeX (HO)

Package pdftexcmds Info: \pdf@primitive is available.
Package pdftexcmds Info: \pdf@ifprimitive is available.
Package pdftexcmds Info: \pdfdraftmode found.
\pdftexcmds@toks=\toks42
Package: pdfescape 2016/05/16 v1.14 Implements pdfTeX's escape features (HO)
Package: bigintcalc 2016/05/16 v1.4 Expandable calculations on big integers (HO)

Package: bitset 2016/05/16 v1.2 Handle bit-vector datatype (HO)
Package: uniquecounter 2016/05/16 v1.3 Provide unlimited unique counter (HO)
)
Package hobsub Info: Skipping package `hobsub' (already loaded).
Package: letltxmacro 2016/05/16 v1.5 Let assignment for LaTeX macros (HO)
Package: hopatch 2016/05/16 v1.3 Wrapper for package hooks (HO)
Package: xcolor-patch 2016/05/16 xcolor patch
Package: atveryend 2016/05/16 v1.9 Hooks at the very end of document (HO)
Package atveryend Info: \enddocument detected (standard20110627).
Package: atbegshi 2016/06/09 v1.18 At begin shipout hook (HO)
Package: refcount 2016/05/16 v3.5 Data extraction from label references (HO)
Package: hycolor 2016/05/16 v1.8 Color options for hyperref/bookmark (HO)
)
(c:/texlive/2019/texmf-dist/tex/generic/ifxetex/ifxetex.sty
Package: ifxetex 2010/09/12 v0.6 Provides ifxetex conditional
)
(c:/texlive/2019/texmf-dist/tex/latex/oberdiek/auxhook.sty
Package: auxhook 2016/05/16 v1.4 Hooks for auxiliary files (HO)
)
(c:/texlive/2019/texmf-dist/tex/latex/oberdiek/kvoptions.sty
Package: kvoptions 2016/05/16 v3.12 Key value format for package options (HO)
)
\@linkdim=\dimen305
\Hy@linkcounter=\count311
\Hy@pagecounter=\count312

(c:/texlive/2019/texmf-dist/tex/latex/hyperref/pd1enc.def
File: pd1enc.def 2018/11/30 v6.88e Hyperref: PDFDocEncoding definition (HO)
)
\Hy@SavedSpaceFactor=\count313

(c:/texlive/2019/texmf-dist/tex/latex/latexconfig/hyperref.cfg
File: hyperref.cfg 2002/06/06 v1.2 hyperref configuration of TeXLive
)
Package hyperref Info: Hyper figures OFF on input line 4519.
Package hyperref Info: Link nesting OFF on input line 4524.
Package hyperref Info: Hyper index ON on input line 4527.
Package hyperref Info: Plain pages OFF on input line 4534.
Package hyperref Info: Backreferencing OFF on input line 4539.
Package hyperref Info: Implicit mode ON; LaTeX internals redefined.
Package hyperref Info: Bookmarks ON on input line 4772.
\c@Hy@tempcnt=\count314
LaTeX Info: Redefining \url on input line 5125.
\XeTeXLinkMargin=\dimen306
\Fld@menulength=\count315
\Field@Width=\dimen307
\Fld@charsize=\dimen308
Package hyperref Info: Hyper figures OFF on input line 6380.
Package hyperref Info: Link nesting OFF on input line 6385.
Package hyperref Info: Hyper index ON on input line 6388.
Package hyperref Info: backreferencing OFF on input line 6395.
Package hyperref Info: Link coloring OFF on input line 6400.
Package hyperref Info: Link coloring with OCG OFF on input line 6405.
Package hyperref Info: PDF/A mode OFF on input line 6410.
LaTeX Info: Redefining \ref on input line 6450.
LaTeX Info: Redefining \pageref on input line 6454.
\Hy@abspage=\count316
\c@Item=\count317
\c@Hfootnote=\count318
)
Package hyperref Info: Driver (autodetected): hluatex.

(c:/texlive/2019/texmf-dist/tex/latex/hyperref/hluatex.def
File: hluatex.def 2018/11/30 v6.88e Hyperref driver for luaTeX
\Fld@listcount=\count319
\c@bookmark@seq@number=\count320

(c:/texlive/2019/texmf-dist/tex/latex/oberdiek/rerunfilecheck.sty
Package: rerunfilecheck 2016/05/16 v1.8 Rerun checks for auxiliary files (HO)
Package uniquecounter Info: New unique counter `rerunfilecheck' on input line 28
2.
)
\Hy@SectionHShift=\skip68
)
(c:/texlive/2019/texmf-dist/tex/latex/cleveref/cleveref.sty
Package: cleveref 2018/03/27 v0.21.4 Intelligent cross-referencing
Package cleveref Info: `hyperref' support loaded on input line 2370.
LaTeX Info: Redefining \cref on input line 2370.
LaTeX Info: Redefining \Cref on input line 2370.
LaTeX Info: Redefining \crefrange on input line 2370.
LaTeX Info: Redefining \Crefrange on input line 2370.
LaTeX Info: Redefining \cpageref on input line 2370.
LaTeX Info: Redefining \Cpageref on input line 2370.
LaTeX Info: Redefining \cpagerefrange on input line 2370.
LaTeX Info: Redefining \Cpagerefrange on input line 2370.
LaTeX Info: Redefining \labelcref on input line 2370.
LaTeX Info: Redefining \labelcpageref on input line 2370.
Package cleveref Info: `breqn' support loaded on input line 3109.
)
(c:/texlive/2019/texmf-dist/tex/latex/booktabs/booktabs.sty
Package: booktabs 2016/04/27 v1.618033 publication quality tables
\heavyrulewidth=\dimen309
\lightrulewidth=\dimen310
\cmidrulewidth=\dimen311
\belowrulesep=\dimen312
\belowbottomsep=\dimen313
\aboverulesep=\dimen314
\abovetopsep=\dimen315
\cmidrulesep=\dimen316
\cmidrulekern=\dimen317
\defaultaddspace=\dimen318
\@cmidla=\count321
\@cmidlb=\count322
\@aboverulesep=\dimen319
\@belowrulesep=\dimen320
\@thisruleclass=\count323
\@lastruleclass=\count324
\@thisrulewidth=\dimen321
)
(c:/texlive/2019/texmf-dist/tex/latex/graphics/rotating.sty
Package: rotating 2016/08/11 v2.16d rotated objects in LaTeX
\c@r@tfl@t=\count325
\rotFPtop=\skip69
\rotFPbot=\skip70
\rot@float@box=\box68
\rot@mess@toks=\toks43
)
(c:/texlive/2019/texmf-dist/tex/latex/colortbl/colortbl.sty
Package: colortbl 2018/12/12 v1.0d Color table columns (DPC)

(c:/texlive/2019/texmf-dist/tex/latex/tools/array.sty
Package: array 2018/12/30 v2.4k Tabular extension package (FMi)
\col@sep=\dimen322
\ar@mcellbox=\box69
\extrarowheight=\dimen323
\NC@list=\toks44
\extratabsurround=\skip71
\backup@length=\skip72
\ar@cellbox=\box70
)
\everycr=\toks45
\minrowclearance=\skip73
)
(c:/texlive/2019/texmf-dist/tex/latex/paralist/paralist.sty
Package: paralist 2017/01/22 v2.7 Extended list environments
\pltopsep=\skip74
\plpartopsep=\skip75
\plitemsep=\skip76
\plparsep=\skip77
\pl@lab=\toks46
)
(c:/texlive/2019/texmf-dist/tex/latex/oberdiek/epstopdf.sty
Package: epstopdf 2016/05/15 v2.6 Conversion with epstopdf on the fly (HO)

(c:/texlive/2019/texmf-dist/tex/latex/oberdiek/epstopdf-base.sty
Package: epstopdf-base 2016/05/15 v2.6 Base part for package epstopdf

(c:/texlive/2019/texmf-dist/tex/latex/oberdiek/grfext.sty
Package: grfext 2016/05/16 v1.2 Manage graphics extensions (HO)
)
Package epstopdf-base Info: Redefining graphics rule for `.eps' on input line 43
8.
Package grfext Info: Graphics extension search list:
(grfext)             [.pdf,.png,.jpg,.mps,.jpeg,.jbig2,.jb2,.PDF,.PNG,.JPG,.JPEG
,.JBIG2,.JB2,.eps]
(grfext)             \AppendGraphicsExtensions on input line 456.

(c:/texlive/2019/texmf-dist/tex/latex/latexconfig/epstopdf-sys.cfg
File: epstopdf-sys.cfg 2010/07/13 v1.3 Configuration of (r)epstopdf for TeX Live

)))
(c:/texlive/2019/texmf-dist/tex/latex/nag/nag.sty
Package: nag 2011/11/25 0.7 warning about old commands (ulmi)
\c@nag@c=\count326
\c@nag@sins=\count327
)
(c:/texlive/2019/texmf-dist/tex/latex/microtype/microtype.sty
Package: microtype 2019/02/28 v2.7b Micro-typographical refinements (RS)
\MT@toks=\toks47
\MT@count=\count328
LaTeX Info: Redefining \textls on input line 790.
\MT@outer@kern=\dimen324
LaTeX Info: Redefining \textmicrotypecontext on input line 1336.
\MT@listname@count=\count329

(c:/texlive/2019/texmf-dist/tex/latex/microtype/microtype-luatex.def
File: microtype-luatex.def 2019/02/28 v2.7b Definitions specific to luatex (RS)

Module microtype Warning: overwriting function `keepligature' on input line 59
LaTeX Info: Redefining \lsstyle on input line 681.
LaTeX Info: Redefining \lslig on input line 681.
\MT@outer@space=\skip78
)
Package microtype Info: Loading configuration file microtype.cfg.
 (c:/texlive/2019/texmf-dist/tex/latex/microtype/microtype.cfg
File: microtype.cfg 2019/02/28 v2.7b microtype main configuration file (RS)
))
(c:/texlive/2019/texmf-dist/tex/latex/siunitx/siunitx.sty
(c:/texlive/2019/texmf-dist/tex/latex/l3packages/xparse/xparse.sty
Package: xparse 2019-03-05 L3 Experimental document command parser
\l__xparse_current_arg_int=\count330
\g__xparse_grabber_int=\count331
\l__xparse_m_args_int=\count332
\l__xparse_v_nesting_int=\count333
)
Package: siunitx 2018/05/17 v2.7s A comprehensive (SI) units package

(c:/texlive/2019/texmf-dist/tex/latex/l3packages/l3keys2e/l3keys2e.sty
Package: l3keys2e 2019-03-05 LaTeX2e option processing using LaTeX3 keys
)
\l__siunitx_tmp_box=\box71
\l__siunitx_tmp_dim=\dimen325
\l__siunitx_tmp_int=\count334
\l__siunitx_number_mantissa_length_int=\count335
\l__siunitx_number_uncert_length_int=\count336
\l__siunitx_round_int=\count337
\l__siunitx_process_decimal_int=\count338
\l__siunitx_process_uncertainty_int=\count339
\l__siunitx_process_fixed_int=\count340
\l__siunitx_process_integer_min_int=\count341
\l__siunitx_process_precision_int=\count342
\l__siunitx_group_min_int=\count343
\l__siunitx_angle_marker_box=\box72
\l__siunitx_angle_unit_box=\box73
\l__siunitx_angle_marker_dim=\dimen326
\l__siunitx_angle_unit_dim=\dimen327
\l__siunitx_unit_int=\count344
\l__siunitx_unit_denominator_int=\count345
\l__siunitx_unit_numerator_int=\count346
\l__siunitx_unit_prefix_int=\count347
\l__siunitx_unit_prefix_base_int=\count348
\l__siunitx_unit_prefix_gram_int=\count349
\l__siunitx_number_product_int=\count350
\c__siunitx_one_fill_skip=\skip79
\l__siunitx_table_unit_align_skip=\skip80
\l__siunitx_table_exponent_dim=\dimen328
\l__siunitx_table_integer_dim=\dimen329
\l__siunitx_table_mantissa_dim=\dimen330
\l__siunitx_table_marker_dim=\dimen331
\l__siunitx_table_result_dim=\dimen332
\l__siunitx_table_uncert_dim=\dimen333
\l__siunitx_table_fill_pre_dim=\dimen334
\l__siunitx_table_fill_post_dim=\dimen335
\l__siunitx_table_fill_mid_dim=\dimen336
\l__siunitx_table_pre_box=\box74
\l__siunitx_table_post_box=\box75
\l__siunitx_table_mantissa_box=\box76
\l__siunitx_table_result_box=\box77
\l__siunitx_table_number_align_skip=\skip81
\l__siunitx_table_text_align_skip=\skip82

(c:/texlive/2019/texmf-dist/tex/latex/translator/translator.sty
Package: translator 2018/01/04 v1.12 Easy translation of strings in LaTeX
))
(c:/texlive/2019/texmf-dist/tex/latex/units/nicefrac.sty
Package: nicefrac 1998/08/04 v0.9b Nice fractions
\L@UnitsRaiseDisplaystyle=\skip83
\L@UnitsRaiseTextstyle=\skip84
\L@UnitsRaiseScriptstyle=\skip85
)
(c:/texlive/2019/texmf-dist/tex/latex/lipsum/lipsum.sty
Package: lipsum 2019/01/02 v2.2 150 paragraphs of Lorem Ipsum dummy text

(c:/texlive/2019/texmf-dist/tex/latex/lipsum/lipsum.ltd.tex
File: lipsum.ltd.tex 2019/01/02 v2.2 The Lorem ipsum dummy text
))
(c:/texlive/2019/texmf-dist/tex/generic/babel/babel.sty
Package: babel 2019/04/03 3.29 The Babel package

(c:/texlive/2019/texmf-dist/tex/generic/babel/switch.def
File: switch.def 2019/04/03 3.29 Babel switching mechanism
)
(c:/texlive/2019/texmf-dist/tex/generic/babel/luababel.def
\l@dumylang=\language2
Package babel Info: Non-standard hyphenation setup on input line 114.
\l@nohyphenation=\language3
\l@german-x-2019-04-04=\language4
\l@ngerman-x-2019-04-04=\language5
\l@afrikaans=\language6
\l@ancientgreek=\language7
\l@ibycus=\language8
\l@arabic=\language9
\l@armenian=\language10
\l@basque=\language11
\l@belarusian=\language12
\l@bulgarian=\language13
\l@catalan=\language14
\l@churchslavonic=\language15
\l@coptic=\language16
\l@croatian=\language17
\l@czech=\language18
\l@danish=\language19
\l@dutch=\language20
\l@ukenglish=\language21
\l@usenglishmax=\language22
\l@esperanto=\language23
\l@estonian=\language24
\l@ethiopic=\language25
\l@farsi=\language26
\l@finnish=\language27
\l@french=\language28
\l@friulan=\language29
\l@galician=\language30
\l@georgian=\language31
\l@german=\language32
\l@ngerman=\language33
\l@swissgerman=\language34
\l@monogreek=\language35
\l@greek=\language36
\l@hungarian=\language37
\l@icelandic=\language38
\l@assamese=\language39
\l@bengali=\language40
\l@gujarati=\language41
\l@hindi=\language42
\l@kannada=\language43
\l@malayalam=\language44
\l@marathi=\language45
\l@oriya=\language46
\l@panjabi=\language47
\l@pali=\language48
\l@tamil=\language49
\l@telugu=\language50
\l@indonesian=\language51
\l@interlingua=\language52
\l@irish=\language53
\l@italian=\language54
\l@kurmanji=\language55
\l@latin=\language56
\l@classiclatin=\language57
\l@liturgicallatin=\language58
\l@latvian=\language59
\l@lithuanian=\language60
\l@mongolian=\language61
\l@mongolianlmc=\language62
\l@bokmal=\language63
\l@nynorsk=\language64
\l@occitan=\language65
\l@piedmontese=\language66
\l@polish=\language67
\l@portuguese=\language68
\l@romanian=\language69
\l@romansh=\language70
\l@russian=\language71
\l@sanskrit=\language72
\l@serbian=\language73
\l@serbianc=\language74
\l@slovak=\language75
\l@slovenian=\language76
\l@spanish=\language77
\l@swedish=\language78
\l@thai=\language79
\l@turkish=\language80
\l@turkmen=\language81
\l@ukrainian=\language82
\l@uppersorbian=\language83
\l@welsh=\language84
)
(c:/texlive/2019/texmf-dist/tex/generic/babel-english/english.ldf
Language: english 2017/06/06 v3.3r English support from the babel system

(c:/texlive/2019/texmf-dist/tex/generic/babel/babel.def
File: babel.def 2019/04/03 3.29 Babel common definitions
\babel@savecnt=\count351
\U@D=\dimen337

(c:/texlive/2019/texmf-dist/tex/generic/babel/luababel.def))
\l@canadian = a dialect from \language\l@american 
\l@australian = a dialect from \language\l@british 
\l@newzealand = a dialect from \language\l@british 
))
(c:/texlive/2019/texmf-dist/tex/latex/blindtext/blindtext.sty
Package: blindtext 2012/01/06 V2.0 blindtext-Package

(c:/texlive/2019/texmf-dist/tex/latex/tools/xspace.sty
Package: xspace 2014/10/28 v1.13 Space after command names (DPC,MH)
)
\c@blindtext=\count352
\c@Blindtext=\count353
\c@blind@countparstart=\count354
\blind@countxx=\count355
\blindtext@numBlindtext=\count356
\blind@countyy=\count357
\c@blindlist=\count358
\c@blindlistlevel=\count359
\c@blindlist@level=\count360
\blind@listitem=\count361
\c@blind@listcount=\count362
\c@blind@levelcount=\count363
\blind@mathformula=\count364
\blind@Mathformula=\count365
\c@blind@randomcount=\count366
\c@blind@randommax=\count367
\c@blind@pangramcount=\count368
\c@blind@pangrammax=\count369
)
(c:/texlive/2019/texmf-dist/tex/generic/pgf/frontendlayer/tikz/libraries/tikzli
braryfit.code.tex
File: tikzlibraryfit.code.tex 2019/02/02 v3.1.1 (3.1.1)
)
(c:/texlive/2019/texmf-dist/tex/generic/pgf/libraries/pgflibraryarrows.meta.cod
e.tex
File: pgflibraryarrows.meta.code.tex 2019/02/02 v3.1.1 (3.1.1)
\pgfarrowinset=\dimen338
\pgfarrowlength=\dimen339
\pgfarrowwidth=\dimen340
\pgfarrowlinewidth=\dimen341
)
(c:/texlive/2019/texmf-dist/tex/generic/pgf/frontendlayer/tikz/libraries/tikzli
braryshapes.code.tex
File: tikzlibraryshapes.code.tex 2019/02/02 v3.1.1 (3.1.1)

(c:/texlive/2019/texmf-dist/tex/generic/pgf/frontendlayer/tikz/libraries/tikzli
braryshapes.geometric.code.tex
File: tikzlibraryshapes.geometric.code.tex 2019/02/02 v3.1.1 (3.1.1)

(c:/texlive/2019/texmf-dist/tex/generic/pgf/libraries/shapes/pgflibraryshapes.g
eometric.code.tex
File: pgflibraryshapes.geometric.code.tex 2019/02/02 v3.1.1 (3.1.1)
))
(c:/texlive/2019/texmf-dist/tex/generic/pgf/frontendlayer/tikz/libraries/tikzli
braryshapes.misc.code.tex
File: tikzlibraryshapes.misc.code.tex 2019/02/02 v3.1.1 (3.1.1)

(c:/texlive/2019/texmf-dist/tex/generic/pgf/libraries/shapes/pgflibraryshapes.m
isc.code.tex
File: pgflibraryshapes.misc.code.tex 2019/02/02 v3.1.1 (3.1.1)
))
(c:/texlive/2019/texmf-dist/tex/generic/pgf/frontendlayer/tikz/libraries/tikzli
braryshapes.symbols.code.tex
File: tikzlibraryshapes.symbols.code.tex 2019/02/02 v3.1.1 (3.1.1)

(c:/texlive/2019/texmf-dist/tex/generic/pgf/libraries/shapes/pgflibraryshapes.s
ymbols.code.tex
File: pgflibraryshapes.symbols.code.tex 2019/02/02 v3.1.1 (3.1.1)
))
(c:/texlive/2019/texmf-dist/tex/generic/pgf/frontendlayer/tikz/libraries/tikzli
braryshapes.arrows.code.tex
File: tikzlibraryshapes.arrows.code.tex 2019/02/02 v3.1.1 (3.1.1)

(c:/texlive/2019/texmf-dist/tex/generic/pgf/libraries/shapes/pgflibraryshapes.a
rrows.code.tex
File: pgflibraryshapes.arrows.code.tex 2019/02/02 v3.1.1 (3.1.1)
))
(c:/texlive/2019/texmf-dist/tex/generic/pgf/frontendlayer/tikz/libraries/tikzli
braryshapes.callouts.code.tex
(c:/texlive/2019/texmf-dist/tex/generic/pgf/libraries/shapes/pgflibraryshapes.c
allouts.code.tex))
(c:/texlive/2019/texmf-dist/tex/generic/pgf/frontendlayer/tikz/libraries/tikzli
braryshapes.multipart.code.tex
File: tikzlibraryshapes.multipart.code.tex 2019/02/02 v3.1.1 (3.1.1)

(c:/texlive/2019/texmf-dist/tex/generic/pgf/libraries/shapes/pgflibraryshapes.m
ultipart.code.tex
File: pgflibraryshapes.multipart.code.tex 2019/02/02 v3.1.1 (3.1.1)
\pgfnodepartlowerbox=\box78
\pgfnodeparttwobox=\box79
\pgfnodepartthreebox=\box80
\pgfnodepartfourbox=\box81
\pgfnodeparttwentybox=\box82
\pgfnodepartnineteenbox=\box83
\pgfnodeparteighteenbox=\box84
\pgfnodepartseventeenbox=\box85
\pgfnodepartsixteenbox=\box86
\pgfnodepartfifteenbox=\box87
\pgfnodepartfourteenbox=\box88
\pgfnodepartthirteenbox=\box89
\pgfnodeparttwelvebox=\box90
\pgfnodepartelevenbox=\box91
\pgfnodeparttenbox=\box92
\pgfnodepartninebox=\box93
\pgfnodeparteightbox=\box94
\pgfnodepartsevenbox=\box95
\pgfnodepartsixbox=\box96
\pgfnodepartfivebox=\box97
)))
(c:/texlive/2019/texmf-dist/tex/generic/pgf/frontendlayer/tikz/libraries/tikzli
braryarrows.code.tex
File: tikzlibraryarrows.code.tex 2019/02/02 v3.1.1 (3.1.1)

(c:/texlive/2019/texmf-dist/tex/generic/pgf/libraries/pgflibraryarrows.code.tex
File: pgflibraryarrows.code.tex 2019/02/02 v3.1.1 (3.1.1)
\arrowsize=\dimen342
)) Excluding 'TulipStyle' comment.)
** ATTENTION: Overriding command lockouts (line 20).
(./report-ieee.aux)
\openout1 = report-ieee.aux

LaTeX Font Info:    Checking defaults for OML/cmm/m/it on input line 32.
LaTeX Font Info:    ... okay on input line 32.
LaTeX Font Info:    Checking defaults for T1/cmr/m/n on input line 32.
LaTeX Font Info:    ... okay on input line 32.
LaTeX Font Info:    Checking defaults for OT1/cmr/m/n on input line 32.
LaTeX Font Info:    ... okay on input line 32.
LaTeX Font Info:    Checking defaults for OMS/cmsy/m/n on input line 32.
LaTeX Font Info:    ... okay on input line 32.
LaTeX Font Info:    Checking defaults for TU/lmr/m/n on input line 32.
LaTeX Font Info:    ... okay on input line 32.
LaTeX Font Info:    Checking defaults for OMX/cmex/m/n on input line 32.
LaTeX Font Info:    ... okay on input line 32.
LaTeX Font Info:    Checking defaults for U/cmr/m/n on input line 32.
LaTeX Font Info:    ... okay on input line 32.
LaTeX Font Info:    Checking defaults for PD1/pdf/m/n on input line 32.
LaTeX Font Info:    ... okay on input line 32.

-- Lines per column: 56 (exact).
(c:/texlive/2019/texmf-dist/tex/context/base/mkii/supp-pdf.mkii
[Loading MPS to PDF converter (version 2006.09.02).]
\scratchcounter=\count370
\scratchdimen=\dimen343
\scratchbox=\box98
\nofMPsegments=\count371
\nofMParguments=\count372
\everyMPshowfont=\toks48
\MPscratchCnt=\count373
\MPscratchDim=\dimen344
\MPnumerator=\count374
\makeMPintoPDFobject=\count375
\everyMPtoPDFconversion=\toks49
) ABD: EveryShipout initializing macros

Package todonotes Warning: The length marginparwidth is less than 2cm and will m
ost likely cause issues with the appearance of inserted todonotes. The issue can
 be solved by adding a line like \setlength {\marginparwidth }{2cm} prior to loa
ding the todonotes package. on input line 32.

Package caption Info: Begin \AtBeginDocument code.
Package caption Info: hyperref package is loaded.
Package caption Info: rotating package is loaded.
Package caption Info: End \AtBeginDocument code.
\AtBeginShipoutBox=\box99
Package hyperref Info: Link coloring OFF on input line 32.
(c:/texlive/2019/texmf-dist/tex/latex/hyperref/nameref.sty
Package: nameref 2016/05/21 v2.44 Cross-referencing by name of section

(c:/texlive/2019/texmf-dist/tex/generic/oberdiek/gettitlestring.sty
Package: gettitlestring 2016/05/16 v1.5 Cleanup title references (HO)
)
\c@section@level=\count376
)
LaTeX Info: Redefining \ref on input line 32.
LaTeX Info: Redefining \pageref on input line 32.
LaTeX Info: Redefining \nameref on input line 32.

(./report-ieee.out) (./report-ieee.out)
\@outlinefile=\write6

\openout6 = report-ieee.out
LaTeX Info: Redefining \microtypecontext on input line 32.
Package microtype Info: Generating PDF output.
Package microtype Info: Character protrusion enabled (level 2).
Package microtype Info: Using default protrusion set `alltext'.
Package microtype Info: Automatic font expansion enabled (level 2),
(microtype)             stretch: 20, shrink: 20, step: 1, non-selected.
Package microtype Info: Using default expansion set `basictext'.
Package microtype Info: No adjustment of tracking.
Package microtype Info: No adjustment of spacing.
Package microtype Info: No adjustment of kerning.

(c:/texlive/2019/texmf-dist/tex/latex/microtype/mt-ptm.cfg
File: mt-ptm.cfg 2006/04/20 v1.7 microtype config. file: Times (RS)
)
Package microtype Info: Loading generic protrusion settings for font family
(microtype)             `ptm' (encoding: TU).
(microtype)             For optimal results, create family-specific settings.
(microtype)             See the microtype manual for details.

(c:/texlive/2019/texmf-dist/tex/latex/translator/translator-basic-dictionary-En
glish.dict
Dictionary: translator-basic-dictionary, Language: English 
)
(c:/texlive/2019/texmf-dist/tex/latex/siunitx/siunitx-abbreviations.cfg
File: siunitx-abbreviations.cfg 2017/11/26 v2.7k siunitx: Abbreviated units
)
(c:/texlive/2019/texmf-dist/tex/latex/microtype/mt-cmr.cfg
File: mt-cmr.cfg 2013/05/19 v2.2 microtype config. file: Computer Modern Roman (
RS)
)
LaTeX Font Info:    Try loading font information for U+msa on input line 32.

(c:/texlive/2019/texmf-dist/tex/latex/amsfonts/umsa.fd
File: umsa.fd 2013/01/14 v3.01 AMS symbols A
)
(c:/texlive/2019/texmf-dist/tex/latex/microtype/mt-msa.cfg
File: mt-msa.cfg 2006/02/04 v1.1 microtype config. file: AMS symbols (a) (RS)
)
LaTeX Font Info:    Try loading font information for U+msb on input line 32.

(c:/texlive/2019/texmf-dist/tex/latex/amsfonts/umsb.fd
File: umsb.fd 2013/01/14 v3.01 AMS symbols B
)
(c:/texlive/2019/texmf-dist/tex/latex/microtype/mt-msb.cfg
File: mt-msb.cfg 2005/06/01 v1.0 microtype config. file: AMS symbols (b) (RS)
)
Package microtype Info: Loading generic protrusion settings for font family
(microtype)             `cmss' (encoding: OT1).
(microtype)             For optimal results, create family-specific settings.
(microtype)             See the microtype manual for details.
Package microtype Info: Loading generic protrusion settings for font family
(microtype)             `cmtt' (encoding: OT1).
(microtype)             For optimal results, create family-specific settings.
(microtype)             See the microtype manual for details.
LaTeX Font Info:    Calculating math sizes for size <11> on input line 59.
 (./mainbody.tex

LaTeX Font Warning: Font shape `TU/ptm/m/sc' undefined
(Font)              using `TU/ptm/m/n' instead on input line 3.

Package epstopdf Info: Source file: <figures/bar.eps>
(epstopdf)                    date: 2019-10-22 21:39:10
(epstopdf)                    size: 23810 bytes
(epstopdf)             Output file: <figures/bar-eps-converted-to.pdf>
(epstopdf)                    date: 2019-10-23 21:12:55
(epstopdf)                    size: 21063 bytes
(epstopdf)             Command: <repstopdf --outfile=figures/bar-eps-converted-t
o.pdf figures/bar.eps>
(epstopdf)             \includegraphics on input line 11.
Package epstopdf Info: Output file is already uptodate.
<figures/bar-eps-converted-to.pdf, id=99, 662.475pt x 140.525pt>
File: figures/bar-eps-converted-to.pdf Graphic file (type pdf)
<use figures/bar-eps-converted-to.pdf>
Package luatex.def Info: figures/bar-eps-converted-to.pdf  used on input line 11
.
(luatex.def)             Requested size: 198.74403pt x 42.15782pt.

Underfull \hbox (badness 10000) in paragraph at lines 24--25
[]\TU/ptm/bx/it/10 dom-i-nant color of the crea-ture:
 []


Overfull \hbox (72.93605pt too wide) in paragraph at lines 41--60
 [][] 
 []


LaTeX Warning: `h' float specifier changed to `ht'.


Underfull \hbox (badness 10000) in paragraph at lines 64--65

 []


Underfull \hbox (badness 10000) in paragraph at lines 67--68

 []

Package epstopdf Info: Source file: <figures/his_1.eps>
(epstopdf)                    date: 2019-10-23 15:25:22
(epstopdf)                    size: 82260 bytes
(epstopdf)             Output file: <figures/his_1-eps-converted-to.pdf>
(epstopdf)                    date: 2019-10-23 21:12:58
(epstopdf)                    size: 67230 bytes
(epstopdf)             Command: <repstopdf --outfile=figures/his_1-eps-converted
-to.pdf figures/his_1.eps>
(epstopdf)             \includegraphics on input line 72.
Package epstopdf Info: Output file is already uptodate.
<figures/his_1-eps-converted-to.pdf, id=100, 771.88374pt x 470.75874pt>
File: figures/his_1-eps-converted-to.pdf Graphic file (type pdf)
<use figures/his_1-eps-converted-to.pdf>
Package luatex.def Info: figures/his_1-eps-converted-to.pdf  used on input line 
72.
(luatex.def)             Requested size: 231.56691pt x 141.22871pt.
Package epstopdf Info: Source file: <figures/his_2.eps>
(epstopdf)                    date: 2019-10-23 15:25:30
(epstopdf)                    size: 60243 bytes
(epstopdf)             Output file: <figures/his_2-eps-converted-to.pdf>
(epstopdf)                    date: 2019-10-23 21:13:00
(epstopdf)                    size: 49100 bytes
(epstopdf)             Command: <repstopdf --outfile=figures/his_2-eps-converted
-to.pdf figures/his_2.eps>
(epstopdf)             \includegraphics on input line 79.
Package epstopdf Info: Output file is already uptodate.
<figures/his_2-eps-converted-to.pdf, id=101, 573.14125pt x 422.57875pt>
File: figures/his_2-eps-converted-to.pdf Graphic file (type pdf)
<use figures/his_2-eps-converted-to.pdf>
Package luatex.def Info: figures/his_2-eps-converted-to.pdf  used on input line 
79.
(luatex.def)             Requested size: 171.9437pt x 126.7746pt.
[1
Non-PDF special ignored!
Non-PDF special ignored!{c:/texlive/2019/texmf-var/fonts/map/pdftex/updmap/pdfte
x.map}


<./figures/bar-eps-converted-to.pdf><./figures/his_1-eps-converted-to.pdf>]
Package epstopdf Info: Source file: <figures/boxplot.eps>
(epstopdf)                    date: 2019-10-23 15:57:31
(epstopdf)                    size: 143298 bytes
(epstopdf)             Output file: <figures/boxplot-eps-converted-to.pdf>
(epstopdf)                    date: 2019-10-23 21:08:27
(epstopdf)                    size: 100091 bytes
(epstopdf)             Command: <repstopdf --outfile=figures/boxplot-eps-convert
ed-to.pdf figures/boxplot.eps>
(epstopdf)             \includegraphics on input line 90.
Package epstopdf Info: Output file is already uptodate.
<figures/boxplot-eps-converted-to.pdf, id=123, 1060.96375pt x 572.1375pt>
File: figures/boxplot-eps-converted-to.pdf Graphic file (type pdf)
<use figures/boxplot-eps-converted-to.pdf>
Package luatex.def Info: figures/boxplot-eps-converted-to.pdf  used on input lin
e 90.
(luatex.def)             Requested size: 318.29158pt x 171.64256pt.

Overfull \hbox (66.29158pt too wide) in paragraph at lines 90--91
 [][] 
 []

Package epstopdf Info: Source file: <figures/pairplot.eps>
(epstopdf)                    date: 2019-10-23 16:25:24
(epstopdf)                    size: 460199 bytes
(epstopdf)             Output file: <figures/pairplot-eps-converted-to.pdf>
(epstopdf)                    date: 2019-10-23 21:13:03
(epstopdf)                    size: 147246 bytes
(epstopdf)             Command: <repstopdf --outfile=figures/pairplot-eps-conver
ted-to.pdf figures/pairplot.eps>
(epstopdf)             \includegraphics on input line 101.
Package epstopdf Info: Output file is already uptodate.
<figures/pairplot-eps-converted-to.pdf, id=124, 732.7375pt x 622.325pt>
File: figures/pairplot-eps-converted-to.pdf Graphic file (type pdf)
<use figures/pairplot-eps-converted-to.pdf>
Package luatex.def Info: figures/pairplot-eps-converted-to.pdf  used on input li
ne 101.
(luatex.def)             Requested size: 219.82294pt x 186.69893pt.

LaTeX Warning: `h' float specifier changed to `ht'.

Package epstopdf Info: Source file: <figures/corr.eps>
(epstopdf)                    date: 2019-10-23 17:03:50
(epstopdf)                    size: 48414 bytes
(epstopdf)             Output file: <figures/corr-eps-converted-to.pdf>
(epstopdf)                    date: 2019-10-23 21:13:07
(epstopdf)                    size: 47994 bytes
(epstopdf)             Command: <repstopdf --outfile=figures/corr-eps-converted-
to.pdf figures/corr.eps>
(epstopdf)             \includegraphics on input line 112.
Package epstopdf Info: Output file is already uptodate.
<figures/corr-eps-converted-to.pdf, id=125, 704.6325pt x 578.16pt>
File: figures/corr-eps-converted-to.pdf Graphic file (type pdf)
<use figures/corr-eps-converted-to.pdf>
Package luatex.def Info: figures/corr-eps-converted-to.pdf  used on input line 1
12.
(luatex.def)             Requested size: 211.39139pt x 173.44933pt.

LaTeX Warning: `h' float specifier changed to `ht'.

Package epstopdf Info: Source file: <figures/MHis.eps>
(epstopdf)                    date: 2019-10-23 21:53:57
(epstopdf)                    size: 46919 bytes
(epstopdf)             Output file: <figures/MHis-eps-converted-to.pdf>
(epstopdf)                    date: 2019-10-23 21:13:12
(epstopdf)                    size: 31486 bytes
(epstopdf)             Command: <repstopdf --outfile=figures/MHis-eps-converted-
to.pdf figures/MHis.eps>
(epstopdf)             \includegraphics on input line 123.
system(repstopdf --outfile=figures/MHis-eps-converted-to.pdf figures/MHis.eps) e
xecuted.
Package epstopdf Info: Result file: <figures/MHis-eps-converted-to.pdf>
(epstopdf)                    date: 2019-10-23 21:55:35
(epstopdf)                    size: 31486 bytes.
<figures/MHis-eps-converted-to.pdf, id=126, 574.145pt x 516.93124pt>
File: figures/MHis-eps-converted-to.pdf Graphic file (type pdf)
<use figures/MHis-eps-converted-to.pdf>
Package luatex.def Info: figures/MHis-eps-converted-to.pdf  used on input line 1
23.
(luatex.def)             Requested size: 172.24483pt x 155.08057pt.

LaTeX Warning: `h' float specifier changed to `ht'.

Package epstopdf Info: Source file: <figures/MHis.eps>
(epstopdf)                    date: 2019-10-23 21:53:57
(epstopdf)                    size: 46919 bytes
(epstopdf)             Output file: <figures/MHis-eps-converted-to.pdf>
(epstopdf)                    date: 2019-10-23 21:55:35
(epstopdf)                    size: 31486 bytes
(epstopdf)             Command: <repstopdf --outfile=figures/MHis-eps-converted-
to.pdf figures/MHis.eps>
(epstopdf)             \includegraphics on input line 130.
Package epstopdf Info: Output file is already uptodate.
File: figures/MHis-eps-converted-to.pdf Graphic file (type pdf)
<use figures/MHis-eps-converted-to.pdf>
Package luatex.def Info: figures/MHis-eps-converted-to.pdf  used on input line 1
30.
(luatex.def)             Requested size: 172.24483pt x 155.08057pt.

LaTeX Warning: `h' float specifier changed to `ht'.

Package epstopdf Info: Source file: <figures/BDF.eps>
(epstopdf)                    date: 2019-10-23 21:54:57
(epstopdf)                    size: 146883 bytes
(epstopdf)             Output file: <figures/BDF-eps-converted-to.pdf>
(epstopdf)             Command: <repstopdf --outfile=figures/BDF-eps-converted-t
o.pdf figures/BDF.eps>
(epstopdf)             \includegraphics on input line 137.
system(repstopdf --outfile=figures/BDF-eps-converted-to.pdf figures/BDF.eps) exe
cuted.
Package epstopdf Info: Result file: <figures/BDF-eps-converted-to.pdf>
(epstopdf)                    date: 2019-10-23 21:55:38
(epstopdf)                    size: 51860 bytes.
<figures/BDF-eps-converted-to.pdf, id=127, 538.01pt x 489.83pt>
File: figures/BDF-eps-converted-to.pdf Graphic file (type pdf)
<use figures/BDF-eps-converted-to.pdf>
Package luatex.def Info: figures/BDF-eps-converted-to.pdf  used on input line 13
7.
(luatex.def)             Requested size: 161.40424pt x 146.95012pt.

LaTeX Warning: `h' float specifier changed to `ht'.

Package epstopdf Info: Source file: <figures/MBDF.eps>
(epstopdf)                    date: 2019-10-23 21:53:49
(epstopdf)                    size: 145121 bytes
(epstopdf)             Output file: <figures/MBDF-eps-converted-to.pdf>
(epstopdf)             Command: <repstopdf --outfile=figures/MBDF-eps-converted-
to.pdf figures/MBDF.eps>
(epstopdf)             \includegraphics on input line 144.
system(repstopdf --outfile=figures/MBDF-eps-converted-to.pdf figures/MBDF.eps) e
xecuted.
Package epstopdf Info: Result file: <figures/MBDF-eps-converted-to.pdf>
(epstopdf)                    date: 2019-10-23 21:55:41
(epstopdf)                    size: 44739 bytes.
<figures/MBDF-eps-converted-to.pdf, id=128, 553.06625pt x 509.905pt>
File: figures/MBDF-eps-converted-to.pdf Graphic file (type pdf)
<use figures/MBDF-eps-converted-to.pdf>
Package luatex.def Info: figures/MBDF-eps-converted-to.pdf  used on input line 1
44.
(luatex.def)             Requested size: 165.92114pt x 152.97267pt.

LaTeX Warning: `h' float specifier changed to `ht'.

Package hyperref Info: bookmark level for unknown todo defaults to 0 on input li
ne 173.
Including 'ConferenceOnly' comment.
\openout3 = comment.cut
 Straight input of comment.cut.
(./comment.cut)
Underfull \vbox (badness 10000) has occurred while \output is active []

 [2<./figures/his_2-eps-converted-to.pdf><./figures/boxplot-eps-converted-to.pdf
><./figures/pairplot-eps-converted-to.pdf><./figures/corr-eps-converted-to.pdf>] [3
warning  (pdf backend): ignoring duplicate destination with the name 'blind@pang
ramcount.1'

warning  (pdf backend): ignoring duplicate destination with the name 'blind@pang
ramcount.2'

warning  (pdf backend): ignoring duplicate destination with the name 'blind@pang
ramcount.3'

warning  (pdf backend): ignoring duplicate destination with the name 'blind@pang
ramcount.4'

warning  (pdf backend): ignoring duplicate destination with the name 'blind@pang
ramcount.5'

warning  (pdf backend): ignoring duplicate destination with the name 'blind@pang
ramcount.6'

warning  (pdf backend): ignoring duplicate destination with the name 'blind@pang
ramcount.7'

warning  (pdf backend): ignoring duplicate destination with the name 'blind@pang
ramcount.8'

warning  (pdf backend): ignoring duplicate destination with the name 'blind@pang
ramcount.9'

warning  (pdf backend): ignoring duplicate destination with the name 'blind@pang
ramcount.10'

warning  (pdf backend): ignoring duplicate destination with the name 'blind@pang
ramcount.0'

warning  (pdf backend): ignoring duplicate destination with the name 'blind@pang
ramcount.1'
<./figures/MHis-eps-converted-to.pdf><./figures/BDF-eps-converted-to.pdf><./figu
res/MBDF-eps-converted-to.pdf>]
warning  (pdf backend): ignoring duplicate destination with the name 'blind@pang
ramcount.4'

warning  (pdf backend): ignoring duplicate destination with the name 'blind@pang
ramcount.5'

warning  (pdf backend): ignoring duplicate destination with the name 'blind@pang
ramcount.6'

warning  (pdf backend): ignoring duplicate destination with the name 'blind@pang
ramcount.7'

warning  (pdf backend): ignoring duplicate destination with the name 'blind@pang
ramcount.8'

warning  (pdf backend): ignoring duplicate destination with the name 'blind@pang
ramcount.9'

warning  (pdf backend): ignoring duplicate destination with the name 'blind@pang
ramcount.10'

warning  (pdf backend): ignoring duplicate destination with the name 'blind@pang
ramcount.0'

warning  (pdf backend): ignoring duplicate destination with the name 'blind@pang
ramcount.1'

warning  (pdf backend): ignoring duplicate destination with the name 'blind@pang
ramcount.2'

warning  (pdf backend): ignoring duplicate destination with the name 'blind@pang
ramcount.3'

warning  (pdf backend): ignoring duplicate destination with the name 'blind@pang
ramcount.4'

warning  (pdf backend): ignoring duplicate destination with the name 'blind@pang
ramcount.5'

warning  (pdf backend): ignoring duplicate destination with the name 'blind@pang
ramcount.6'

warning  (pdf backend): ignoring duplicate destination with the name 'blind@pang
ramcount.7'

Overfull \hbox (56.05603pt too wide) in paragraph at lines 222--232
 [][] 
 []


warning  (pdf backend): ignoring duplicate destination with the name 'blind@pang
ramcount.8'

warning  (pdf backend): ignoring duplicate destination with the name 'blind@pang
ramcount.9'

warning  (pdf backend): ignoring duplicate destination with the name 'blind@pang
ramcount.10'

warning  (pdf backend): ignoring duplicate destination with the name 'blind@pang
ramcount.0'

warning  (pdf backend): ignoring duplicate destination with the name 'blind@pang
ramcount.1'
) (./report-ieee.bbl

! LaTeX Error: Something's wrong--perhaps a missing \item.

See the LaTeX manual or LaTeX Companion for explanation.
Type  H <return>  for immediate help.
 ...                                              
                                                  
l.24 \end{thebibliography}
                        
Try typing  <return>  to proceed.
If that doesn't work, type  X <return>  to quit.

) (./report-ieee.tdo)
\tf@tdo=\write7

\openout7 = report-ieee.tdo


** Conference Paper **
Before submitting the final camera ready copy, remember to:

 1. Manually equalize the lengths of two columns on the last page
 of your paper;

 2. Ensure that any PostScript and/or PDF output post-processing
 uses only Type 1 fonts and that every step in the generation
 process uses the appropriate paper size.

[4
warning  (pdf backend): ignoring duplicate destination with the name 'blind@pang
ramcount.2'

warning  (pdf backend): ignoring duplicate destination with the name 'blind@pang
ramcount.3'
]
No complaints by nag.
Package atveryend Info: Empty hook `BeforeClearDocument' on input line 82.
Package atveryend Info: Empty hook `AfterLastShipout' on input line 82.
(./report-ieee.aux)
Package atveryend Info: Executing hook `AtVeryEndDocument' on input line 82.
Package atveryend Info: Executing hook `AtEndAfterFileList' on input line 82.
Package rerunfilecheck Info: File `report-ieee.out' has not changed.
(rerunfilecheck)             Checksum: 675051ECF7784E0A0E0D03E5F8237E12;1025.


LaTeX Font Warning: Some font shapes were not available, defaults substituted.


LaTeX Warning: Label(s) may have changed. Rerun to get cross-references right.

Package atveryend Info: Empty hook `AtVeryVeryEnd' on input line 82.
)

Here is how much of LuaTeX's memory you used:
 39344 strings out of 494300
 125047,1373583 words of node,token memory allocated
 1120 words of node memory still in use:
   14 hlist, 2 vlist, 10 rule, 5 glue, 4 kern, 1 glyph, 57 attribute, 83 glue_sp
ec, 57 attribute_list, 1 write, 16 pdf_literal, 16 pdf_colorstack nodes
   avail lists: 1:1,2:1312,3:536,4:114,5:330,6:66,7:4781,8:69,9:535,10:17,11:236
,12:1
 42169 multiletter control sequences out of 65536+600000
 97 fonts using 8780111 bytes
 64i,11n,97p,532b,870s stack positions out of 5000i,500n,10000p,200000b,100000s
<c:/texlive/2019/texmf-dist/fonts/opentype/public/lm/lmroman5-regular.otf><c:/te
xlive/2019/texmf-dist/fonts/opentype/public/lm/lmroman9-regular.otf><c:/texlive/
2019/texmf-dist/fonts/opentype/public/lm/lmroman8-regular.otf><c:/texlive/2019/t
exmf-dist/fonts/opentype/public/lm/lmroman10-regular.otf><c:/texlive/2019/texmf-
dist/fonts/opentype/public/lm/lmroman12-regular.otf><c:/texlive/2019/texmf-dist/
fonts/opentype/public/lm/lmroman17-regular.otf><c:/texlive/2019/texmf-dist/fonts
/type1/public/amsfonts/cm/cmex10.pfb><c:/texlive/2019/texmf-dist/fonts/type1/pub
lic/amsfonts/cm/cmmi10.pfb><c:/texlive/2019/texmf-dist/fonts/type1/public/amsfon
ts/cm/cmmi7.pfb><c:/texlive/2019/texmf-dist/fonts/type1/public/amsfonts/cm/cmr10
.pfb><c:/texlive/2019/texmf-dist/fonts/type1/public/amsfonts/cm/cmr5.pfb><c:/tex
live/2019/texmf-dist/fonts/type1/public/amsfonts/cm/cmr7.pfb><c:/texlive/2019/te
xmf-dist/fonts/type1/public/amsfonts/cm/cmsy10.pfb><c:/texlive/2019/texmf-dist/f
onts/type1/public/amsfonts/cm/cmsy7.pfb>
Output written on report-ieee.pdf (4 pages, 664194 bytes).

PDF statistics: 283 PDF objects out of 1000 (max. 8388607)
 214 compressed objects within 3 object streams
 54 named destinations out of 1000 (max. 131072)
 312 words of extra memory for PDF output out of 10000 (max. 100000000)

